<?xml version="1.0" encoding="UTF-8"?>
<testsuite xmlns:xsi="http://www.w3.org/2001/XMLSchema-instance" xsi:noNamespaceSchemaLocation="https://maven.apache.org/surefire/maven-surefire-plugin/xsd/surefire-test-report.xsd" version="3.0.2" name="com.stacs.cs5031.p3.server.repository.AdminRepositoryTest" time="2.994" tests="5" errors="0" skipped="0" failures="0">
  <properties>
[...]
</properties>
  <testcase name="testFindAll" classname="com.stacs.cs5031.p3.server.repository.AdminRepositoryTest" time="0.348">
    <system-out><![CDATA[20:39:42.621 [main] INFO org.springframework.test.context.support.AnnotationConfigContextLoaderUtils -- Could not detect default configuration classes for test class [com.stacs.cs5031.p3.server.repository.AdminRepositoryTest]: AdminRepositoryTest does not declare any static, non-private, non-final, nested classes annotated with @Configuration.
20:39:42.718 [main] INFO org.springframework.boot.test.context.SpringBootTestContextBootstrapper -- Found @SpringBootConfiguration com.stacs.cs5031.p3.server.ServerApplication for test class com.stacs.cs5031.p3.server.repository.AdminRepositoryTest
20:39:42.755 [main] INFO org.springframework.boot.devtools.restart.RestartApplicationListener -- Restart disabled due to context in which it is running

  .   ____          _            __ _ _
 /\\ / ___'_ __ _ _(_)_ __  __ _ \ \ \ \
( ( )\___ | '_ | '_| | '_ \/ _` | \ \ \ \
 \\/  ___)| |_)| | | | | || (_| |  ) ) ) )
  '  |____| .__|_| |_|_| |_\__, | / / / /
 =========|_|==============|___/=/_/_/_/

 :: Spring Boot ::                (v3.4.4)

2025-04-18T20:39:42.892+01:00  INFO 99044 --- [           main] c.s.c.p.s.r.AdminRepositoryTest          : Starting AdminRepositoryTest using Java 21.0.6 with PID 99044 (started by rohitbamane in /Users/rohitbamane/Documents/Academic/Semester 2/CS5031/p3-extra/p3-code)
2025-04-18T20:39:42.892+01:00  INFO 99044 --- [           main] c.s.c.p.s.r.AdminRepositoryTest          : No active profile set, falling back to 1 default profile: "default"
2025-04-18T20:39:43.030+01:00  INFO 99044 --- [           main] .s.d.r.c.RepositoryConfigurationDelegate : Bootstrapping Spring Data JPA repositories in DEFAULT mode.
2025-04-18T20:39:43.062+01:00  INFO 99044 --- [           main] .s.d.r.c.RepositoryConfigurationDelegate : Finished Spring Data repository scanning in 27 ms. Found 6 JPA repository interfaces.
2025-04-18T20:39:43.085+01:00  INFO 99044 --- [           main] beddedDataSourceBeanFactoryPostProcessor : Replacing 'dataSource' DataSource bean with embedded version
2025-04-18T20:39:43.115+01:00  INFO 99044 --- [           main] o.s.j.d.e.EmbeddedDatabaseFactory        : Starting embedded database: url='jdbc:h2:mem:3d3839fb-e3ca-4e85-ac31-a455bcaccfc2;DB_CLOSE_DELAY=-1;DB_CLOSE_ON_EXIT=false', username='sa'
2025-04-18T20:39:43.227+01:00  INFO 99044 --- [           main] o.hibernate.jpa.internal.util.LogHelper  : HHH000204: Processing PersistenceUnitInfo [name: default]
2025-04-18T20:39:43.250+01:00  INFO 99044 --- [           main] org.hibernate.Version                    : HHH000412: Hibernate ORM core version 6.6.11.Final
2025-04-18T20:39:43.264+01:00  INFO 99044 --- [           main] o.h.c.internal.RegionFactoryInitiator    : HHH000026: Second-level cache disabled
2025-04-18T20:39:43.380+01:00  INFO 99044 --- [           main] o.s.o.j.p.SpringPersistenceUnitInfo      : No LoadTimeWeaver setup: ignoring JPA class transformer
2025-04-18T20:39:43.416+01:00  INFO 99044 --- [           main] org.hibernate.orm.connections.pooling    : HHH10001005: Database info:
	Database JDBC URL [Connecting through datasource 'org.springframework.jdbc.datasource.embedded.EmbeddedDatabaseFactory$EmbeddedDataSourceProxy@a323a5b']
	Database driver: undefined/unknown
	Database version: 2.3.232
	Autocommit mode: undefined/unknown
	Isolation level: undefined/unknown
	Minimum pool size: undefined/unknown
	Maximum pool size: undefined/unknown
Hibernate: create global temporary table HTE_app_user(HTE_IDENTITY integer generated by default as identity, id integer, user_type varchar(31) not null, name varchar(255), password varchar(255), username varchar(255), primary key (HTE_IDENTITY)) TRANSACTIONAL
Hibernate: create global temporary table HT_attendee(id integer not null, primary key (id)) TRANSACTIONAL
Hibernate: create global temporary table HTE_attendee(HTE_IDENTITY integer generated by default as identity, id integer, user_type varchar(31) not null, name varchar(255), password varchar(255), username varchar(255), primary key (HTE_IDENTITY)) TRANSACTIONAL
Hibernate: create global temporary table HT_admin(id integer not null, primary key (id)) TRANSACTIONAL
Hibernate: create global temporary table HTE_admin(HTE_IDENTITY integer generated by default as identity, id integer, user_type varchar(31) not null, name varchar(255), password varchar(255), username varchar(255), primary key (HTE_IDENTITY)) TRANSACTIONAL
Hibernate: create global temporary table HT_organiser(id integer not null, primary key (id)) TRANSACTIONAL
Hibernate: create global temporary table HTE_organiser(HTE_IDENTITY integer generated by default as identity, id integer, user_type varchar(31) not null, name varchar(255), password varchar(255), username varchar(255), primary key (HTE_IDENTITY)) TRANSACTIONAL
Hibernate: create global temporary table HT_app_user(id integer not null, primary key (id)) TRANSACTIONAL
2025-04-18T20:39:43.794+01:00  INFO 99044 --- [           main] o.h.e.t.j.p.i.JtaPlatformInitiator       : HHH000489: No JTA platform available (set 'hibernate.transaction.jta.platform' to enable JTA platform integration)
Hibernate: drop table if exists admin cascade 
Hibernate: drop table if exists app_user cascade 
Hibernate: drop table if exists attendee cascade 
Hibernate: drop table if exists attendee_bookings cascade 
Hibernate: drop table if exists booking cascade 
Hibernate: drop table if exists booking_attendees cascade 
Hibernate: drop table if exists organiser cascade 
Hibernate: drop table if exists room cascade 
Hibernate: create table admin (id integer not null, primary key (id))
Hibernate: create table app_user (id integer generated by default as identity, user_type varchar(31) not null, name varchar(255) not null, password varchar(255) not null, username varchar(255) not null unique, primary key (id))
Hibernate: create table attendee (id integer not null, primary key (id))
Hibernate: create table attendee_bookings (attendee_id integer not null, booking_id integer not null)
Hibernate: create table booking (attendee_id integer, duration integer not null, id integer generated by default as identity, organiser_id integer, room_id integer, booking_time timestamp(6), start_time timestamp(6), event_name varchar(255), primary key (id))
Hibernate: create table booking_attendees (attendees_id integer not null, booking_id integer not null)
Hibernate: create table organiser (id integer not null, primary key (id))
Hibernate: create table room (availability boolean not null, capacity integer not null, id integer generated by default as identity, name varchar(255), primary key (id))
Hibernate: alter table if exists admin add constraint FKdmsfrfughyayx2lo3bxq0p4kv foreign key (id) references app_user
Hibernate: alter table if exists attendee add constraint FKrse4hujp0weevjovvgwsuosvv foreign key (id) references app_user
Hibernate: alter table if exists attendee_bookings add constraint FKe23pp1f7ybb1ck7tdnr9534xi foreign key (booking_id) references booking
Hibernate: alter table if exists attendee_bookings add constraint FKl87jggluwcsqetawsmsiytxai foreign key (attendee_id) references attendee
Hibernate: alter table if exists booking add constraint FK7sgf7otqydpi0tmotwxl0jbr foreign key (attendee_id) references attendee
Hibernate: alter table if exists booking add constraint FKm5hm4ubvtjn747uef71kwk0v0 foreign key (organiser_id) references organiser
Hibernate: alter table if exists booking add constraint FKq83pan5xy2a6rn0qsl9bckqai foreign key (room_id) references room
Hibernate: alter table if exists booking_attendees add constraint FK9ihwtcqej3hsok91tngfkq4d foreign key (attendees_id) references attendee
Hibernate: alter table if exists booking_attendees add constraint FKlx0c4flyvkuk07vpysy500g30 foreign key (booking_id) references booking
Hibernate: alter table if exists organiser add constraint FK78dc50k9ypbawdp61mq2dogtk foreign key (id) references app_user
2025-04-18T20:39:43.817+01:00  INFO 99044 --- [           main] j.LocalContainerEntityManagerFactoryBean : Initialized JPA EntityManagerFactory for persistence unit 'default'
2025-04-18T20:39:43.953+01:00  INFO 99044 --- [           main] o.s.d.j.r.query.QueryEnhancerFactory     : Hibernate is in classpath; If applicable, HQL parser will be used.
2025-04-18T20:39:45.129+01:00  INFO 99044 --- [           main] c.s.c.p.s.r.AdminRepositoryTest          : Started AdminRepositoryTest in 2.38 seconds (process running for 2.997)
Hibernate: insert into app_user (name,password,username,user_type,id) values (?,?,?,'ADMIN',default)
Hibernate: insert into admin (id) values (?)
Hibernate: insert into app_user (name,password,username,user_type,id) values (?,?,?,'ADMIN',default)
Hibernate: insert into admin (id) values (?)
Hibernate: insert into app_user (name,password,username,user_type,id) values (?,?,?,'ADMIN',default)
Hibernate: insert into admin (id) values (?)
Hibernate: select a1_0.id,a1_1.name,a1_1.password,a1_1.username from admin a1_0 join app_user a1_1 on a1_0.id=a1_1.id
]]></system-out>
    <system-err><![CDATA[Mockito is currently self-attaching to enable the inline-mock-maker. This will no longer work in future releases of the JDK. Please add Mockito as an agent to your build what is described in Mockito's documentation: https://javadoc.io/doc/org.mockito/mockito-core/latest/org/mockito/Mockito.html#0.3
WARNING: A Java agent has been loaded dynamically (/Users/rohitbamane/.m2/repository/net/bytebuddy/byte-buddy-agent/1.15.11/byte-buddy-agent-1.15.11.jar)
WARNING: If a serviceability tool is in use, please run with -XX:+EnableDynamicAgentLoading to hide this warning
WARNING: If a serviceability tool is not in use, please run with -Djdk.instrument.traceUsage for more information
WARNING: Dynamic loading of agents will be disallowed by default in a future release
]]></system-err>
  </testcase>
  <testcase name="testSave" classname="com.stacs.cs5031.p3.server.repository.AdminRepositoryTest" time="0.007">
    <system-out><![CDATA[Hibernate: insert into app_user (name,password,username,user_type,id) values (?,?,?,'ADMIN',default)
Hibernate: insert into admin (id) values (?)
]]></system-out>
  </testcase>
  <testcase name="testFindByUsername" classname="com.stacs.cs5031.p3.server.repository.AdminRepositoryTest" time="0.01">
    <system-out><![CDATA[Hibernate: insert into app_user (name,password,username,user_type,id) values (?,?,?,'ADMIN',default)
Hibernate: insert into admin (id) values (?)
Hibernate: select a1_0.id,a1_1.name,a1_1.password,a1_1.username from admin a1_0 join app_user a1_1 on a1_0.id=a1_1.id where a1_1.username=?
]]></system-out>
  </testcase>
  <testcase name="testDeleteById" classname="com.stacs.cs5031.p3.server.repository.AdminRepositoryTest" time="0.005">
    <system-out><![CDATA[Hibernate: insert into app_user (name,password,username,user_type,id) values (?,?,?,'ADMIN',default)
Hibernate: insert into admin (id) values (?)
]]></system-out>
  </testcase>
  <testcase name="testUpdate" classname="com.stacs.cs5031.p3.server.repository.AdminRepositoryTest" time="0.004">
    <system-out><![CDATA[Hibernate: insert into app_user (name,password,username,user_type,id) values (?,?,?,'ADMIN',default)
Hibernate: insert into admin (id) values (?)
]]></system-out>
  </testcase>
</testsuite>