<?xml version="1.0" encoding="UTF-8"?>
<testsuite xmlns:xsi="http://www.w3.org/2001/XMLSchema-instance" xsi:noNamespaceSchemaLocation="https://maven.apache.org/surefire/maven-surefire-plugin/xsd/surefire-test-report.xsd" version="3.0.2" name="com.stacs.cs5031.p3.server.controller.OrganiserControllerTest" time="0.612" tests="11" errors="0" skipped="0" failures="1">
  <properties>
[...]
</properties>
  <testcase name="shouldCancelBookingWithoutIssue" classname="com.stacs.cs5031.p3.server.controller.OrganiserControllerTest" time="0.022">
    <system-out><![CDATA[2025-04-18T20:39:46.599+01:00  INFO 99044 --- [           main] t.c.s.AnnotationConfigContextLoaderUtils : Could not detect default configuration classes for test class [com.stacs.cs5031.p3.server.controller.OrganiserControllerTest]: OrganiserControllerTest does not declare any static, non-private, non-final, nested classes annotated with @Configuration.
2025-04-18T20:39:46.610+01:00  INFO 99044 --- [           main] .b.t.c.SpringBootTestContextBootstrapper : Found @SpringBootConfiguration com.stacs.cs5031.p3.server.ServerApplication for test class com.stacs.cs5031.p3.server.controller.OrganiserControllerTest
2025-04-18T20:39:46.613+01:00  INFO 99044 --- [           main] o.s.b.d.r.RestartApplicationListener     : Restart disabled due to context in which it is running

  .   ____          _            __ _ _
 /\\ / ___'_ __ _ _(_)_ __  __ _ \ \ \ \
( ( )\___ | '_ | '_| | '_ \/ _` | \ \ \ \
 \\/  ___)| |_)| | | | | || (_| |  ) ) ) )
  '  |____| .__|_| |_|_| |_\__, | / / / /
 =========|_|==============|___/=/_/_/_/

 :: Spring Boot ::                (v3.4.4)

2025-04-18T20:39:46.631+01:00  INFO 99044 --- [           main] c.s.c.p.s.c.OrganiserControllerTest      : Starting OrganiserControllerTest using Java 21.0.6 with PID 99044 (started by rohitbamane in /Users/rohitbamane/Documents/Academic/Semester 2/CS5031/p3-extra/p3-code)
2025-04-18T20:39:46.631+01:00  INFO 99044 --- [           main] c.s.c.p.s.c.OrganiserControllerTest      : The following 1 profile is active: "test"
2025-04-18T20:39:46.735+01:00  INFO 99044 --- [           main] .s.d.r.c.RepositoryConfigurationDelegate : Bootstrapping Spring Data JPA repositories in DEFAULT mode.
2025-04-18T20:39:46.745+01:00  INFO 99044 --- [           main] .s.d.r.c.RepositoryConfigurationDelegate : Finished Spring Data repository scanning in 9 ms. Found 6 JPA repository interfaces.
2025-04-18T20:39:46.814+01:00  INFO 99044 --- [           main] o.hibernate.jpa.internal.util.LogHelper  : HHH000204: Processing PersistenceUnitInfo [name: default]
2025-04-18T20:39:46.815+01:00  INFO 99044 --- [           main] o.h.c.internal.RegionFactoryInitiator    : HHH000026: Second-level cache disabled
2025-04-18T20:39:46.821+01:00  INFO 99044 --- [           main] o.s.o.j.p.SpringPersistenceUnitInfo      : No LoadTimeWeaver setup: ignoring JPA class transformer
2025-04-18T20:39:46.821+01:00  INFO 99044 --- [           main] com.zaxxer.hikari.HikariDataSource       : HikariPool-2 - Starting...
2025-04-18T20:39:46.822+01:00  INFO 99044 --- [           main] com.zaxxer.hikari.pool.HikariPool        : HikariPool-2 - Added connection conn41: url=jdbc:h2:mem:testdb user=SA
2025-04-18T20:39:46.822+01:00  INFO 99044 --- [           main] com.zaxxer.hikari.HikariDataSource       : HikariPool-2 - Start completed.
2025-04-18T20:39:46.822+01:00  INFO 99044 --- [           main] org.hibernate.orm.connections.pooling    : HHH10001005: Database info:
	Database JDBC URL [Connecting through datasource 'HikariDataSource (HikariPool-2)']
	Database driver: undefined/unknown
	Database version: 2.3.232
	Autocommit mode: undefined/unknown
	Isolation level: undefined/unknown
	Minimum pool size: undefined/unknown
	Maximum pool size: undefined/unknown
2025-04-18T20:39:46.877+01:00  INFO 99044 --- [           main] o.h.e.t.j.p.i.JtaPlatformInitiator       : HHH000489: No JTA platform available (set 'hibernate.transaction.jta.platform' to enable JTA platform integration)
2025-04-18T20:39:46.888+01:00  INFO 99044 --- [           main] j.LocalContainerEntityManagerFactoryBean : Initialized JPA EntityManagerFactory for persistence unit 'default'
2025-04-18T20:39:46.948+01:00  WARN 99044 --- [           main] JpaBaseConfiguration$JpaWebConfiguration : spring.jpa.open-in-view is enabled by default. Therefore, database queries may be performed during view rendering. Explicitly configure spring.jpa.open-in-view to disable this warning
2025-04-18T20:39:46.953+01:00  WARN 99044 --- [           main] .s.s.UserDetailsServiceAutoConfiguration : 

Using generated security password: dc29ae7c-3dbc-4f99-8077-65124a82b826

This generated password is for development use only. Your security configuration must be updated before running your application in production.

2025-04-18T20:39:46.954+01:00  INFO 99044 --- [           main] r$InitializeUserDetailsManagerConfigurer : Global AuthenticationManager configured with UserDetailsService bean with name inMemoryUserDetailsManager
2025-04-18T20:39:47.053+01:00  INFO 99044 --- [           main] o.s.b.t.m.w.SpringBootMockServletContext : Initializing Spring TestDispatcherServlet ''
2025-04-18T20:39:47.053+01:00  INFO 99044 --- [           main] o.s.t.web.servlet.TestDispatcherServlet  : Initializing Servlet ''
2025-04-18T20:39:47.054+01:00  INFO 99044 --- [           main] o.s.t.web.servlet.TestDispatcherServlet  : Completed initialization in 1 ms
2025-04-18T20:39:47.067+01:00  INFO 99044 --- [           main] c.s.c.p.s.c.OrganiserControllerTest      : Started OrganiserControllerTest in 0.454 seconds (process running for 4.935)
2025-04-18T20:39:47.072+01:00  INFO 99044 --- [           main] f.a.AutowiredAnnotationBeanPostProcessor : Autowired annotation is not supported on static fields: private static com.stacs.cs5031.p3.server.service.RoomService com.stacs.cs5031.p3.server.controller.OrganiserControllerTest.roomService
Organiser in repository: []
]]></system-out>
  </testcase>
  <testcase name="shouldCreateBookingWithoutIssue" classname="com.stacs.cs5031.p3.server.controller.OrganiserControllerTest" time="0.017">
    <failure message="Status expected:&lt;201&gt; but was:&lt;400&gt;" type="java.lang.AssertionError"><![CDATA[java.lang.AssertionError: Status expected:<201> but was:<400>
	at org.springframework.test.util.AssertionErrors.fail(AssertionErrors.java:61)
	at org.springframework.test.util.AssertionErrors.assertEquals(AssertionErrors.java:128)
	at org.springframework.test.web.servlet.result.StatusResultMatchers.lambda$matcher$9(StatusResultMatchers.java:640)
	at org.springframework.test.web.servlet.MockMvc$1.andExpect(MockMvc.java:214)
	at com.stacs.cs5031.p3.server.controller.OrganiserControllerTest.shouldCreateBookingWithoutIssue(OrganiserControllerTest.java:238)
	at java.base/java.lang.reflect.Method.invoke(Method.java:580)
	at java.base/java.util.ArrayList.forEach(ArrayList.java:1596)
	at java.base/java.util.ArrayList.forEach(ArrayList.java:1596)
]]></failure>
    <system-out><![CDATA[Organiser in repository: []

MockHttpServletRequest:
      HTTP Method = POST
      Request URI = /organiser/create-booking/1
       Parameters = {}
          Headers = [Content-Type:"application/json;charset=UTF-8", Accept:"application/json", Content-Length:"107"]
             Body = {"eventName":"Event 1","roomId":1,"startTime":1745005187098,"duration":2,"title":"Test","description":null}
    Session Attrs = {}

Handler:
             Type = com.stacs.cs5031.p3.server.controller.OrganiserController
           Method = com.stacs.cs5031.p3.server.controller.OrganiserController#createBooking(BookingRequest, int)

Async:
    Async started = false
     Async result = null

Resolved Exception:
             Type = null

ModelAndView:
        View name = null
             View = null
            Model = null

FlashMap:
       Attributes = null

MockHttpServletResponse:
           Status = 400
    Error message = null
          Headers = [Content-Type:"application/json", Content-Length:"30", X-Content-Type-Options:"nosniff", X-XSS-Protection:"0", Cache-Control:"no-cache, no-store, max-age=0, must-revalidate", Pragma:"no-cache", Expires:"0", X-Frame-Options:"DENY"]
     Content type = application/json
             Body = Organiser not found with ID: 1
    Forwarded URL = null
   Redirected URL = null
          Cookies = []
]]></system-out>
  </testcase>
  <testcase name="shouldCreateOrganiser" classname="com.stacs.cs5031.p3.server.controller.OrganiserControllerTest" time="0.007">
    <system-out><![CDATA[Organiser in repository: []
]]></system-out>
  </testcase>
  <testcase name="shouldGetAllAttendeesWithoutIssue" classname="com.stacs.cs5031.p3.server.controller.OrganiserControllerTest" time="0.025">
    <system-out><![CDATA[Organiser in repository: []
]]></system-out>
  </testcase>
  <testcase name="shouldGetAllAvailableRooms" classname="com.stacs.cs5031.p3.server.controller.OrganiserControllerTest" time="0.007">
    <system-out><![CDATA[Organiser in repository: []
]]></system-out>
  </testcase>
  <testcase name="shouldGetAllBookingsWithoutIssue" classname="com.stacs.cs5031.p3.server.controller.OrganiserControllerTest" time="0.014">
    <system-out><![CDATA[Organiser in repository: []
]]></system-out>
  </testcase>
  <testcase name="shouldGetAllOrganisers" classname="com.stacs.cs5031.p3.server.controller.OrganiserControllerTest" time="0.01">
    <system-out><![CDATA[Organiser in repository: []

MockHttpServletRequest:
      HTTP Method = GET
      Request URI = /organisers
       Parameters = {}
          Headers = []
             Body = null
    Session Attrs = {}

Handler:
             Type = com.stacs.cs5031.p3.server.controller.OrganiserController
           Method = com.stacs.cs5031.p3.server.controller.OrganiserController#getAllOrganisers()

Async:
    Async started = false
     Async result = null

Resolved Exception:
             Type = null

ModelAndView:
        View name = null
             View = null
            Model = null

FlashMap:
       Attributes = null

MockHttpServletResponse:
           Status = 200
    Error message = null
          Headers = [Content-Type:"application/json", X-Content-Type-Options:"nosniff", X-XSS-Protection:"0", Cache-Control:"no-cache, no-store, max-age=0, must-revalidate", Pragma:"no-cache", Expires:"0", X-Frame-Options:"DENY"]
     Content type = application/json
             Body = [{"id":6,"name":"James Dean","username":"james.dean"},{"id":7,"name":"Johnny Doe","username":"johnny.doe"}]
    Forwarded URL = null
   Redirected URL = null
          Cookies = []
]]></system-out>
  </testcase>
  <testcase name="shouldGetAllOrganisersIfNoneExist" classname="com.stacs.cs5031.p3.server.controller.OrganiserControllerTest" time="0.005">
    <system-out><![CDATA[Organiser in repository: []
]]></system-out>
  </testcase>
  <testcase name="shouldGetBookingDetailsWithoutIssue" classname="com.stacs.cs5031.p3.server.controller.OrganiserControllerTest" time="0.008">
    <system-out><![CDATA[Organiser in repository: []
]]></system-out>
  </testcase>
  <testcase name="shouldNotCreateOrganiserIfCredentialAreInvalid" classname="com.stacs.cs5031.p3.server.controller.OrganiserControllerTest" time="0.006">
    <system-out><![CDATA[Organiser in repository: []
]]></system-out>
  </testcase>
  <testcase name="shouldNotGetBookingDetailsIfBookingDoesNotExist" classname="com.stacs.cs5031.p3.server.controller.OrganiserControllerTest" time="0.008">
    <system-out><![CDATA[Organiser in repository: []
]]></system-out>
  </testcase>
</testsuite>